Determining if the pthread_create exist failed with the following output:
Change Dir: /home/silverbullet/tutorialROSOpenCV/build/CMakeFiles/CMakeTmp

Run Build Command:/usr/bin/make "cmTryCompileExec968577358/fast"
make[1]: Entering directory `/home/silverbullet/tutorialROSOpenCV/build/CMakeFiles/CMakeTmp'
/usr/bin/make -f CMakeFiles/cmTryCompileExec968577358.dir/build.make CMakeFiles/cmTryCompileExec968577358.dir/build
make[2]: Entering directory `/home/silverbullet/tutorialROSOpenCV/build/CMakeFiles/CMakeTmp'
/usr/bin/cmake -E cmake_progress_report /home/silverbullet/tutorialROSOpenCV/build/CMakeFiles/CMakeTmp/CMakeFiles 1
Building C object CMakeFiles/cmTryCompileExec968577358.dir/CheckSymbolExists.c.o
/usr/bin/cc    -o CMakeFiles/cmTryCompileExec968577358.dir/CheckSymbolExists.c.o   -c /home/silverbullet/tutorialROSOpenCV/build/CMakeFiles/CMakeTmp/CheckSymbolExists.c
Linking C executable cmTryCompileExec968577358
/usr/bin/cmake -E cmake_link_script CMakeFiles/cmTryCompileExec968577358.dir/link.txt --verbose=1
/usr/bin/cc       CMakeFiles/cmTryCompileExec968577358.dir/CheckSymbolExists.c.o  -o cmTryCompileExec968577358 -rdynamic 
CMakeFiles/cmTryCompileExec968577358.dir/CheckSymbolExists.c.o: In function `main':
CheckSymbolExists.c:(.text+0x16): undefined reference to `pthread_create'
collect2: error: ld returned 1 exit status
make[2]: *** [cmTryCompileExec968577358] Error 1
make[2]: Leaving directory `/home/silverbullet/tutorialROSOpenCV/build/CMakeFiles/CMakeTmp'
make[1]: *** [cmTryCompileExec968577358/fast] Error 2
make[1]: Leaving directory `/home/silverbullet/tutorialROSOpenCV/build/CMakeFiles/CMakeTmp'

File /home/silverbullet/tutorialROSOpenCV/build/CMakeFiles/CMakeTmp/CheckSymbolExists.c:
/* */
#include <pthread.h>

int main(int argc, char** argv)
{
  (void)argv;
#ifndef pthread_create
  return ((int*)(&pthread_create))[argc];
#else
  (void)argc;
  return 0;
#endif
}

Determining if the function pthread_create exists in the pthreads failed with the following output:
Change Dir: /home/silverbullet/tutorialROSOpenCV/build/CMakeFiles/CMakeTmp

Run Build Command:/usr/bin/make "cmTryCompileExec188194147/fast"
make[1]: Entering directory `/home/silverbullet/tutorialROSOpenCV/build/CMakeFiles/CMakeTmp'
/usr/bin/make -f CMakeFiles/cmTryCompileExec188194147.dir/build.make CMakeFiles/cmTryCompileExec188194147.dir/build
make[2]: Entering directory `/home/silverbullet/tutorialROSOpenCV/build/CMakeFiles/CMakeTmp'
/usr/bin/cmake -E cmake_progress_report /home/silverbullet/tutorialROSOpenCV/build/CMakeFiles/CMakeTmp/CMakeFiles 1
Building C object CMakeFiles/cmTryCompileExec188194147.dir/CheckFunctionExists.c.o
/usr/bin/cc   -DCHECK_FUNCTION_EXISTS=pthread_create   -o CMakeFiles/cmTryCompileExec188194147.dir/CheckFunctionExists.c.o   -c /usr/share/cmake-2.8/Modules/CheckFunctionExists.c
Linking C executable cmTryCompileExec188194147
/usr/bin/cmake -E cmake_link_script CMakeFiles/cmTryCompileExec188194147.dir/link.txt --verbose=1
/usr/bin/cc   -DCHECK_FUNCTION_EXISTS=pthread_create    CMakeFiles/cmTryCompileExec188194147.dir/CheckFunctionExists.c.o  -o cmTryCompileExec188194147 -rdynamic -lpthreads 
/usr/bin/ld: cannot find -lpthreads
collect2: error: ld returned 1 exit status
make[2]: *** [cmTryCompileExec188194147] Error 1
make[2]: Leaving directory `/home/silverbullet/tutorialROSOpenCV/build/CMakeFiles/CMakeTmp'
make[1]: *** [cmTryCompileExec188194147/fast] Error 2
make[1]: Leaving directory `/home/silverbullet/tutorialROSOpenCV/build/CMakeFiles/CMakeTmp'


